TN:
SF:src\anagram.js
FN:1,isAnagram
FN:5,formatStr
FNF:2
FNH:2
FNDA:2,isAnagram
FNDA:4,formatStr
DA:1,1
DA:2,2
DA:3,2
DA:4,1
DA:5,4
DA:6,4
DA:7,4
DA:8,1
DA:9,1
DA:10,1
DA:11,1
LF:11
LH:11
BRDA:1,0,0,2
BRDA:5,1,0,4
BRF:2
BRH:2
end_of_record
TN:
SF:src\analiseDeDados.js
FN:2,AnaliseDeDados
FN:6,adicionarDados
FN:11,limparDados
FN:15,ordenarDados
FN:19,calcularMedia
FN:24,calcularMediana
FN:31,calcularModa
FN:44,calcularVariancia
FN:50,calcularDesvioPadrao
FN:55,encontrarMinimo
FN:59,encontrarMaximo
FN:63,normalizarDados
FN:70,calcularPercentil
FN:79,calcularSoma
FN:83,calcularProduto
FN:87,calcularAmplitude
FN:91,calcularCoeficienteVariacao
FN:97,removerOutliers
FN:106,calcularCorrelacao
FNF:19
FNH:19
FNDA:18,AnaliseDeDados
FNDA:2,adicionarDados
FNDA:1,limparDados
FNDA:5,ordenarDados
FNDA:6,calcularMedia
FNDA:1,calcularMediana
FNDA:1,calcularModa
FNDA:3,calcularVariancia
FNDA:2,calcularDesvioPadrao
FNDA:3,encontrarMinimo
FNDA:3,encontrarMaximo
FNDA:1,normalizarDados
FNDA:3,calcularPercentil
FNDA:1,calcularSoma
FNDA:1,calcularProduto
FNDA:1,calcularAmplitude
FNDA:1,calcularCoeficienteVariacao
FNDA:1,removerOutliers
FNDA:1,calcularCorrelacao
DA:1,1
DA:2,1
DA:3,18
DA:4,18
DA:5,1
DA:6,1
DA:7,2
DA:8,2
DA:9,2
DA:10,1
DA:11,1
DA:12,1
DA:13,1
DA:14,1
DA:15,1
DA:16,5
DA:17,5
DA:18,1
DA:19,1
DA:20,6
DA:21,6
DA:22,6
DA:23,1
DA:24,1
DA:25,1
DA:26,1
DA:27,1
DA:28,1
DA:29,1
DA:30,1
DA:31,1
DA:32,1
DA:33,1
DA:34,6
DA:35,6
DA:36,1
DA:37,1
DA:38,1
DA:39,1
DA:40,1
DA:41,1
DA:42,1
DA:43,1
DA:44,1
DA:45,3
DA:46,3
DA:47,3
DA:48,3
DA:49,1
DA:50,1
DA:51,2
DA:52,2
DA:53,2
DA:54,1
DA:55,1
DA:56,3
DA:57,3
DA:58,1
DA:59,1
DA:60,3
DA:61,3
DA:62,1
DA:63,1
DA:64,1
DA:65,1
DA:66,1
DA:67,1
DA:68,1
DA:69,1
DA:70,1
DA:71,3
DA:72,3
DA:73,3
DA:74,3
DA:75,3
DA:76,3
DA:77,3
DA:78,1
DA:79,1
DA:80,1
DA:81,1
DA:82,1
DA:83,1
DA:84,1
DA:85,1
DA:86,1
DA:87,1
DA:88,1
DA:89,1
DA:90,1
DA:91,1
DA:92,1
DA:93,1
DA:94,1
DA:95,1
DA:96,1
DA:97,1
DA:98,1
DA:99,1
DA:100,1
DA:101,1
DA:102,1
DA:103,1
DA:104,1
DA:105,1
DA:106,1
DA:107,1
DA:108,1
DA:109,1
DA:110,1
DA:111,1
DA:112,1
DA:113,1
DA:114,1
DA:115,1
DA:116,1
DA:117,1
DA:118,1
DA:119,1
DA:120,1
DA:121,1
LF:121
LH:121
BRDA:2,0,0,18
BRDA:6,1,0,2
BRDA:7,2,0,0
BRDA:11,3,0,1
BRDA:15,4,0,5
BRDA:16,5,0,27
BRDA:19,6,0,6
BRDA:20,7,0,0
BRDA:21,8,0,36
BRDA:24,9,0,1
BRDA:25,10,0,0
BRDA:28,11,0,0
BRDA:31,12,0,1
BRDA:32,13,0,0
BRDA:33,14,0,6
BRDA:34,15,0,5
BRDA:40,16,0,5
BRDA:44,17,0,3
BRDA:45,18,0,0
BRDA:47,19,0,18
BRDA:50,20,0,2
BRDA:52,21,0,0
BRDA:55,22,0,3
BRDA:56,23,0,0
BRDA:59,24,0,3
BRDA:60,25,0,0
BRDA:63,26,0,1
BRDA:66,27,0,0
BRDA:67,28,0,6
BRDA:70,29,0,3
BRDA:71,30,0,0
BRDA:76,31,0,0
BRDA:79,32,0,1
BRDA:80,33,0,6
BRDA:83,34,0,1
BRDA:84,35,0,6
BRDA:87,36,0,1
BRDA:91,37,0,1
BRDA:94,38,0,0
BRDA:97,39,0,1
BRDA:103,40,0,7
BRDA:106,41,0,1
BRDA:107,42,0,0
BRDA:116,43,0,0
BRDA:110,44,0,6
BRDA:112,45,0,6
BRDA:113,46,0,6
BRDA:114,47,0,6
BRF:48
BRH:33
end_of_record
TN:
SF:src\banco.js
FN:2,Banco
FN:9,depositar
FN:16,sacar
FN:26,transferir
FN:33,obterSaldo
FN:38,obterHistorico
FN:43,definirLimiteDeSaque
FN:48,verificarLimiteDeSaque
FN:56,aplicarJuros
FN:64,pagarConta
FN:71,obterTotalDepositado
FNF:11
FNH:11
FNDA:14,Banco
FNDA:5,depositar
FNDA:4,sacar
FNDA:1,transferir
FNDA:1,obterSaldo
FNDA:1,obterHistorico
FNDA:1,definirLimiteDeSaque
FNDA:2,verificarLimiteDeSaque
FNDA:1,aplicarJuros
FNDA:1,pagarConta
FNDA:1,obterTotalDepositado
DA:1,1
DA:2,1
DA:3,14
DA:4,14
DA:5,14
DA:6,14
DA:7,1
DA:8,1
DA:9,1
DA:10,5
DA:11,5
DA:12,5
DA:13,5
DA:14,1
DA:15,1
DA:16,1
DA:17,4
DA:18,1
DA:19,1
DA:20,3
DA:21,3
DA:22,3
DA:23,3
DA:24,1
DA:25,1
DA:26,1
DA:27,1
DA:28,1
DA:29,1
DA:30,1
DA:31,1
DA:32,1
DA:33,1
DA:34,1
DA:35,1
DA:36,1
DA:37,1
DA:38,1
DA:39,1
DA:40,1
DA:41,1
DA:42,1
DA:43,1
DA:44,1
DA:45,1
DA:46,1
DA:47,1
DA:48,1
DA:49,2
DA:50,1
DA:51,1
DA:52,1
DA:53,1
DA:54,1
DA:55,1
DA:56,1
DA:57,1
DA:58,1
DA:59,1
DA:60,1
DA:61,1
DA:62,1
DA:63,1
DA:64,1
DA:65,1
DA:66,1
DA:67,1
DA:68,1
DA:69,1
DA:70,1
DA:71,1
DA:72,1
DA:73,1
DA:74,1
DA:75,1
DA:76,1
DA:77,1
DA:78,1
DA:79,1
LF:79
LH:79
BRDA:2,0,0,14
BRDA:9,1,0,5
BRDA:16,2,0,4
BRDA:17,3,0,1
BRDA:19,4,0,3
BRDA:26,5,0,1
BRDA:33,6,0,1
BRDA:38,7,0,1
BRDA:43,8,0,1
BRDA:48,9,0,2
BRDA:49,10,0,1
BRDA:56,11,0,1
BRDA:64,12,0,1
BRDA:71,13,0,1
BRDA:73,14,0,2
BRDA:74,15,0,2
BRF:16
BRH:16
end_of_record
TN:
SF:src\calculator.js
FN:1,somar
FN:5,diminuir
FN:9,multiplicar
FN:13,dividir
FNF:4
FNH:4
FNDA:1,somar
FNDA:1,diminuir
FNDA:1,multiplicar
FNDA:1,dividir
DA:1,1
DA:2,1
DA:3,1
DA:4,1
DA:5,1
DA:6,1
DA:7,1
DA:8,1
DA:9,1
DA:10,1
DA:11,1
DA:12,1
DA:13,1
DA:14,1
DA:15,1
DA:16,1
DA:17,1
DA:18,1
DA:19,1
DA:20,1
DA:21,1
DA:22,1
LF:22
LH:22
BRDA:1,0,0,1
BRDA:5,1,0,1
BRDA:9,2,0,1
BRDA:13,3,0,1
BRF:4
BRH:4
end_of_record
TN:
SF:src\carro.js
FN:2,Carro
FN:9,dirigir
FN:15,obterInfo
FNF:3
FNH:3
FNDA:5,Carro
FNDA:3,dirigir
FNDA:2,obterInfo
DA:1,1
DA:2,1
DA:3,5
DA:4,5
DA:5,5
DA:6,5
DA:7,5
DA:8,1
DA:9,1
DA:10,3
DA:11,2
DA:12,2
DA:13,3
DA:14,1
DA:15,1
DA:16,2
DA:17,2
DA:18,1
DA:19,1
DA:20,1
LF:20
LH:20
BRDA:2,0,0,5
BRDA:9,1,0,3
BRDA:10,2,0,2
BRDA:15,3,0,2
BRF:4
BRH:4
end_of_record
TN:
SF:src\cnh.js
FN:1,obterCnh
FNF:1
FNH:1
FNDA:2,obterCnh
DA:1,1
DA:2,2
DA:3,2
DA:4,1
DA:5,1
DA:6,1
DA:7,1
LF:7
LH:7
BRDA:1,0,0,2
BRF:1
BRH:1
end_of_record
TN:
SF:src\lista.js
FN:2,ListaDeCompras
FN:6,adicionarItem
FN:10,removerItem
FN:18,obterItens
FNF:4
FNH:4
FNDA:4,ListaDeCompras
FNDA:8,adicionarItem
FNDA:3,removerItem
FNDA:2,obterItens
DA:1,1
DA:2,1
DA:3,4
DA:4,4
DA:5,1
DA:6,1
DA:7,8
DA:8,8
DA:9,1
DA:10,1
DA:11,3
DA:12,3
DA:13,2
DA:14,2
DA:15,1
DA:16,1
DA:17,1
DA:18,1
DA:19,2
DA:20,2
DA:21,1
DA:22,1
DA:23,1
LF:23
LH:23
BRDA:2,0,0,4
BRDA:6,1,0,8
BRDA:10,2,0,3
BRDA:12,3,0,2
BRDA:14,4,0,1
BRDA:18,5,0,2
BRF:6
BRH:6
end_of_record
TN:
SF:src\pessoa.js
FN:2,Pessoa
FN:7,apresentar
FN:11,atualizarIdade
FNF:3
FNH:3
FNDA:4,Pessoa
FNDA:2,apresentar
FNDA:2,atualizarIdade
DA:1,1
DA:2,1
DA:3,4
DA:4,4
DA:5,4
DA:6,1
DA:7,1
DA:8,2
DA:9,2
DA:10,1
DA:11,1
DA:12,2
DA:13,2
DA:14,1
DA:15,1
DA:16,1
LF:16
LH:16
BRDA:2,0,0,4
BRDA:7,1,0,2
BRDA:11,2,0,2
BRF:3
BRH:3
end_of_record
